0 info it worked if it ends with ok
1 verbose cli [ '/usr/local/bin/node',
1 verbose cli   '/usr/local/bin/npm',
1 verbose cli   'install',
1 verbose cli   '-g',
1 verbose cli   'protractor' ]
2 info using npm@2.14.4
3 info using node@v4.1.2
4 verbose install initial load of /usr/local/lib/package.json
5 verbose readDependencies loading dependencies from /usr/local/lib/package.json
6 silly cache add args [ 'protractor', null ]
7 verbose cache add spec protractor
8 silly cache add parsed spec Result {
8 silly cache add   raw: 'protractor',
8 silly cache add   scope: null,
8 silly cache add   name: 'protractor',
8 silly cache add   rawSpec: '',
8 silly cache add   spec: '*',
8 silly cache add   type: 'range' }
9 silly addNamed protractor@*
10 verbose addNamed "*" is a valid semver range for protractor
11 silly addNameRange { name: 'protractor', range: '*', hasData: false }
12 silly mapToRegistry name protractor
13 silly mapToRegistry using default registry
14 silly mapToRegistry registry https://registry.npmjs.org/
15 silly mapToRegistry uri https://registry.npmjs.org/protractor
16 verbose addNameRange registry:https://registry.npmjs.org/protractor not in flight; fetching
17 verbose request uri https://registry.npmjs.org/protractor
18 verbose request no auth needed
19 info attempt registry request try #1 at 2:58:22 PM
20 verbose request id d36f11e177936af2
21 http request GET https://registry.npmjs.org/protractor
22 http 200 https://registry.npmjs.org/protractor
23 silly get cb [ 200,
23 silly get   { server: 'CouchDB/1.5.0 (Erlang OTP/R16B03)',
23 silly get     etag: '"EEM5LI51UUO7DZTYA78L75ZFT"',
23 silly get     'content-type': 'application/json',
23 silly get     'cache-control': 'max-age=60',
23 silly get     'content-length': '97176',
23 silly get     'accept-ranges': 'bytes',
23 silly get     date: 'Thu, 12 Nov 2015 22:58:20 GMT',
23 silly get     via: '1.1 varnish',
23 silly get     age: '20',
23 silly get     connection: 'keep-alive',
23 silly get     'x-served-by': 'cache-lax1424-LAX',
23 silly get     'x-cache': 'HIT',
23 silly get     'x-cache-hits': '1',
23 silly get     'x-timer': 'S1447369100.061973,VS0,VE1',
23 silly get     vary: 'Accept' } ]
24 verbose get saving protractor to /Users/anyahsu/.npm/registry.npmjs.org/protractor/.cache.json
25 verbose makeDirectory /Users/anyahsu/.npm creation not in flight; initializing
26 silly makeDirectory /Users/anyahsu/.npm uid: 501 gid: 20
27 silly addNameRange number 2 { name: 'protractor', range: '*', hasData: true }
28 silly addNameRange versions [ 'protractor',
28 silly addNameRange   [ '0.1.0',
28 silly addNameRange     '0.1.1',
28 silly addNameRange     '0.1.2',
28 silly addNameRange     '0.1.3',
28 silly addNameRange     '0.2.0',
28 silly addNameRange     '0.2.1',
28 silly addNameRange     '0.3.0',
28 silly addNameRange     '0.4.0',
28 silly addNameRange     '0.4.1',
28 silly addNameRange     '0.5.0',
28 silly addNameRange     '0.6.1',
28 silly addNameRange     '0.7.0',
28 silly addNameRange     '0.8.0',
28 silly addNameRange     '0.9.0',
28 silly addNameRange     '0.10.0',
28 silly addNameRange     '0.11.0',
28 silly addNameRange     '0.12.0',
28 silly addNameRange     '0.12.1',
28 silly addNameRange     '0.13.0',
28 silly addNameRange     '0.14.0',
28 silly addNameRange     '0.15.0',
28 silly addNameRange     '0.16.0',
28 silly addNameRange     '0.16.1',
28 silly addNameRange     '0.17.0',
28 silly addNameRange     '0.18.0',
28 silly addNameRange     '0.18.1',
28 silly addNameRange     '0.19.0',
28 silly addNameRange     '0.20.0',
28 silly addNameRange     '0.20.1',
28 silly addNameRange     '0.21.0',
28 silly addNameRange     '0.22.0',
28 silly addNameRange     '0.23.0',
28 silly addNameRange     '0.23.1',
28 silly addNameRange     '0.24.0',
28 silly addNameRange     '0.24.1',
28 silly addNameRange     '0.24.2',
28 silly addNameRange     '1.0.0-rc1',
28 silly addNameRange     '1.0.0-rc2',
28 silly addNameRange     '1.0.0-rc3',
28 silly addNameRange     '1.0.0-rc4',
28 silly addNameRange     '1.0.0-rc5',
28 silly addNameRange     '1.0.0-rc6',
28 silly addNameRange     '1.0.0',
28 silly addNameRange     '1.1.0',
28 silly addNameRange     '1.1.1',
28 silly addNameRange     '1.2.0-beta1',
28 silly addNameRange     '1.2.0',
28 silly addNameRange     '1.3.0',
28 silly addNameRange     '1.3.1',
28 silly addNameRange     '1.4.0',
28 silly addNameRange     '1.5.0',
28 silly addNameRange     '1.6.0',
28 silly addNameRange     '1.6.1',
28 silly addNameRange     '1.7.0',
28 silly addNameRange     '1.8.0',
28 silly addNameRange     '2.0.0',
28 silly addNameRange     '2.1.0',
28 silly addNameRange     '2.2.0',
28 silly addNameRange     '2.3.0',
28 silly addNameRange     '2.4.0',
28 silly addNameRange     '2.5.0',
28 silly addNameRange     '2.5.1' ] ]
29 silly addNamed protractor@2.5.1
30 verbose addNamed "2.5.1" is a plain semver version for protractor
31 silly mapToRegistry name protractor
32 silly mapToRegistry using default registry
33 silly mapToRegistry registry https://registry.npmjs.org/
34 silly mapToRegistry uri https://registry.npmjs.org/protractor
35 verbose addRemoteTarball https://registry.npmjs.org/protractor/-/protractor-2.5.1.tgz not in flight; adding
36 verbose addRemoteTarball [ 'https://registry.npmjs.org/protractor/-/protractor-2.5.1.tgz',
36 verbose addRemoteTarball   '03d6c93cd7c268f4250177d55a2fec8a198372cd' ]
37 info retry fetch attempt 1 at 2:58:22 PM
38 info attempt registry request try #1 at 2:58:22 PM
39 http fetch GET https://registry.npmjs.org/protractor/-/protractor-2.5.1.tgz
40 http fetch 200 https://registry.npmjs.org/protractor/-/protractor-2.5.1.tgz
41 silly fetchAndShaCheck shasum 03d6c93cd7c268f4250177d55a2fec8a198372cd
42 verbose addTmpTarball /var/folders/hv/j6s8hthj6l72_chyv3lvhs3m0000gn/T/npm-47281-9c520d69/registry.npmjs.org/protractor/-/protractor-2.5.1.tgz not in flight; adding
43 verbose addTmpTarball already have metadata; skipping unpack for protractor@2.5.1
44 silly cache afterAdd protractor@2.5.1
45 verbose afterAdd /Users/anyahsu/.npm/protractor/2.5.1/package/package.json not in flight; writing
46 verbose afterAdd /Users/anyahsu/.npm/protractor/2.5.1/package/package.json written
47 silly install resolved [ { name: 'protractor',
47 silly install resolved     description: 'Webdriver E2E test wrapper for Angular.',
47 silly install resolved     homepage: 'https://github.com/angular/protractor',
47 silly install resolved     keywords:
47 silly install resolved      [ 'angular',
47 silly install resolved        'test',
47 silly install resolved        'testing',
47 silly install resolved        'webdriver',
47 silly install resolved        'webdriverjs',
47 silly install resolved        'selenium' ],
47 silly install resolved     author: { name: 'Julie Ralph', email: 'ju.ralph@gmail.com' },
47 silly install resolved     dependencies:
47 silly install resolved      { request: '~2.57.0',
47 silly install resolved        'selenium-webdriver': '2.47.0',
47 silly install resolved        minijasminenode: '1.1.1',
47 silly install resolved        jasminewd: '1.1.0',
47 silly install resolved        jasminewd2: '0.0.6',
47 silly install resolved        jasmine: '2.3.2',
47 silly install resolved        saucelabs: '~1.0.1',
47 silly install resolved        glob: '~3.2',
47 silly install resolved        'adm-zip': '0.4.4',
47 silly install resolved        optimist: '~0.6.0',
47 silly install resolved        q: '1.0.0',
47 silly install resolved        lodash: '~2.4.1',
47 silly install resolved        'source-map-support': '~0.2.6',
47 silly install resolved        'html-entities': '~1.1.1',
47 silly install resolved        'accessibility-developer-tools': '~2.6.0' },
47 silly install resolved     devDependencies:
47 silly install resolved      { 'expect.js': '~0.2.0',
47 silly install resolved        chai: '~3.3.0',
47 silly install resolved        'chai-as-promised': '~5.1.0',
47 silly install resolved        jshint: '2.5.0',
47 silly install resolved        mocha: '2.3.3',
47 silly install resolved        cucumber: '~0.6.0',
47 silly install resolved        express: '~3.3.4',
47 silly install resolved        rimraf: '~2.2.6' },
47 silly install resolved     repository: { type: 'git', url: 'git://github.com/angular/protractor.git' },
47 silly install resolved     bin:
47 silly install resolved      { protractor: 'bin/protractor',
47 silly install resolved        'webdriver-manager': 'bin/webdriver-manager' },
47 silly install resolved     main: 'lib/protractor.js',
47 silly install resolved     scripts:
47 silly install resolved      { pretest: 'jshint lib spec scripts',
47 silly install resolved        test: 'node scripts/test.js',
47 silly install resolved        start: 'node testapp/scripts/web-server.js' },
47 silly install resolved     license: 'MIT',
47 silly install resolved     version: '2.5.1',
47 silly install resolved     gitHead: '645133d557f1059d9e885f2566fc4c29ce7c19cc',
47 silly install resolved     bugs: { url: 'https://github.com/angular/protractor/issues' },
47 silly install resolved     _id: 'protractor@2.5.1',
47 silly install resolved     _shasum: '03d6c93cd7c268f4250177d55a2fec8a198372cd',
47 silly install resolved     _from: 'protractor@*',
47 silly install resolved     _npmVersion: '2.11.3',
47 silly install resolved     _nodeVersion: '0.12.7',
47 silly install resolved     _npmUser: { name: 'angularcore', email: 'angular-core+npm@google.com' },
47 silly install resolved     dist:
47 silly install resolved      { shasum: '03d6c93cd7c268f4250177d55a2fec8a198372cd',
47 silly install resolved        tarball: 'http://registry.npmjs.org/protractor/-/protractor-2.5.1.tgz' },
47 silly install resolved     maintainers: [ [Object], [Object] ],
47 silly install resolved     directories: {},
47 silly install resolved     _resolved: 'https://registry.npmjs.org/protractor/-/protractor-2.5.1.tgz' } ]
48 info install protractor@2.5.1 into /usr/local/lib
49 info installOne protractor@2.5.1
50 verbose installOne of protractor to /usr/local/lib not in flight; installing
51 verbose makeDirectory /Users/anyahsu/.npm/_locks creation not in flight; initializing
52 silly makeDirectory /Users/anyahsu/.npm/_locks uid: 501 gid: 20
53 verbose lock using /Users/anyahsu/.npm/_locks/protractor-edd41eb41b480e40.lock for /usr/local/lib/node_modules/protractor
54 silly install write writing protractor 2.5.1 to /usr/local/lib/node_modules/protractor
55 verbose unbuild lib/node_modules/protractor
56 silly gentlyRm /usr/local/lib/node_modules/protractor is being purged from base /usr/local
57 verbose gentlyRm don't care about contents; nuking /usr/local/lib/node_modules/protractor
58 verbose tar unpack /Users/anyahsu/.npm/protractor/2.5.1/package.tgz
59 verbose tar unpacking to /usr/local/lib/node_modules/protractor
60 silly gentlyRm /usr/local/lib/node_modules/protractor is being purged
61 verbose gentlyRm don't care about contents; nuking /usr/local/lib/node_modules/protractor
62 silly gunzTarPerm modes [ '755', '644' ]
63 error tar.unpack untar error /Users/anyahsu/.npm/protractor/2.5.1/package.tgz
64 verbose unlock done using /Users/anyahsu/.npm/_locks/protractor-edd41eb41b480e40.lock for /usr/local/lib/node_modules/protractor
65 verbose fstream_path /usr/local/lib/node_modules/protractor
66 verbose fstream_type Directory
67 verbose fstream_class DirWriter
68 verbose stack Error: EACCES: permission denied, mkdir '/usr/local/lib/node_modules/protractor'
68 verbose stack     at Error (native)
69 verbose fstream_stack /usr/local/lib/node_modules/npm/node_modules/fstream/lib/dir-writer.js:35:25
69 verbose fstream_stack /usr/local/lib/node_modules/npm/node_modules/mkdirp/index.js:47:53
69 verbose fstream_stack FSReqWrap.oncomplete (fs.js:82:15)
70 verbose cwd /Users/anyahsu/code/info343-class-code/protractor
71 error Darwin 14.5.0
72 error argv "/usr/local/bin/node" "/usr/local/bin/npm" "install" "-g" "protractor"
73 error node v4.1.2
74 error npm  v2.14.4
75 error path /usr/local/lib/node_modules/protractor
76 error code EACCES
77 error errno -13
78 error syscall mkdir
79 error Error: EACCES: permission denied, mkdir '/usr/local/lib/node_modules/protractor'
79 error     at Error (native)
79 error  { [Error: EACCES: permission denied, mkdir '/usr/local/lib/node_modules/protractor']
79 error   errno: -13,
79 error   code: 'EACCES',
79 error   syscall: 'mkdir',
79 error   path: '/usr/local/lib/node_modules/protractor',
79 error   fstream_type: 'Directory',
79 error   fstream_path: '/usr/local/lib/node_modules/protractor',
79 error   fstream_class: 'DirWriter',
79 error   fstream_stack:
79 error    [ '/usr/local/lib/node_modules/npm/node_modules/fstream/lib/dir-writer.js:35:25',
79 error      '/usr/local/lib/node_modules/npm/node_modules/mkdirp/index.js:47:53',
79 error      'FSReqWrap.oncomplete (fs.js:82:15)' ] }
80 error Please try running this command again as root/Administrator.
81 verbose exit [ -13, true ]
82 verbose unbuild lib/node_modules/protractor
83 silly gentlyRm /usr/local/lib/node_modules/protractor is being purged from base /usr/local
84 verbose gentlyRm don't care about contents; nuking /usr/local/lib/node_modules/protractor
